[07-Oct-2017 16:34:38 UTC] WP_Community_Events::maybe_log_events_response: Valid response received. Details: {"api_url":"https:\/\/api.wordpress.org\/events\/1.0\/","request_args":{"body":{"number":5,"ip":"::","locale":"fr_FR","timezone":"Europe\/Paris"}},"response_code":200,"response_body":{"location":{"ip":"88.186.192.167"},"events":"0 events trimmed."}}
[10-Oct-2017 18:55:09 UTC] WP_Community_Events::maybe_log_events_response: Valid response received. Details: {"api_url":"https:\/\/api.wordpress.org\/events\/1.0\/","request_args":{"body":{"number":5,"ip":"::","locale":"fr_FR","timezone":"Europe\/Paris"}},"response_code":200,"response_body":{"location":{"ip":"176.187.118.58"},"events":"1 events trimmed."}}
[10-Oct-2017 18:59:25 UTC] WP_Community_Events::maybe_log_events_response: Valid response received. Details: {"api_url":"https:\/\/api.wordpress.org\/events\/1.0\/","request_args":{"body":{"number":5,"ip":"::","locale":"fr_FR","timezone":"Europe\/Paris"}},"response_code":200,"response_body":{"location":{"ip":"176.187.118.58"},"events":"1 events trimmed."}}
[10-Oct-2017 19:15:56 UTC] PHP Parse error:  syntax error, unexpected ''menu'' (T_CONSTANT_ENCAPSED_STRING), expecting ')' in /Applications/MAMP/htdocs/wordpress/wp-content/themes/HonestRoot/header.php on line 20
[10-Oct-2017 19:16:00 UTC] PHP Parse error:  syntax error, unexpected ''menu'' (T_CONSTANT_ENCAPSED_STRING), expecting ')' in /Applications/MAMP/htdocs/wordpress/wp-content/themes/HonestRoot/header.php on line 20
[10-Oct-2017 19:16:04 UTC] PHP Parse error:  syntax error, unexpected ''menu'' (T_CONSTANT_ENCAPSED_STRING), expecting ')' in /Applications/MAMP/htdocs/wordpress/wp-content/themes/HonestRoot/header.php on line 20
[10-Oct-2017 19:18:56 UTC] PHP Parse error:  syntax error, unexpected ''menu'' (T_CONSTANT_ENCAPSED_STRING), expecting ')' in /Applications/MAMP/htdocs/wordpress/wp-content/themes/HonestRoot/header.php on line 22
[11-Oct-2017 14:41:20 UTC] WP_Community_Events::maybe_log_events_response: Valid response received. Details: {"api_url":"https:\/\/api.wordpress.org\/events\/1.0\/","request_args":{"body":{"number":5,"ip":"::","locale":"fr_FR","timezone":"Europe\/Paris"}},"response_code":200,"response_body":{"location":{"ip":"176.187.118.58"},"events":"1 events trimmed."}}
[11-Oct-2017 16:49:14 UTC] PHP Parse error:  syntax error, unexpected ''menu'' (T_CONSTANT_ENCAPSED_STRING), expecting ')' in /Applications/MAMP/htdocs/wordpress/wp-content/themes/HonestRoot/header.php on line 20
[11-Oct-2017 16:49:21 UTC] PHP Parse error:  syntax error, unexpected ''menu'' (T_CONSTANT_ENCAPSED_STRING), expecting ')' in /Applications/MAMP/htdocs/wordpress/wp-content/themes/HonestRoot/header.php on line 20
[11-Oct-2017 16:49:27 UTC] PHP Parse error:  syntax error, unexpected ''menu'' (T_CONSTANT_ENCAPSED_STRING), expecting ')' in /Applications/MAMP/htdocs/wordpress/wp-content/themes/HonestRoot/header.php on line 20
[11-Oct-2017 16:51:02 UTC] PHP Parse error:  syntax error, unexpected ''menu'' (T_CONSTANT_ENCAPSED_STRING), expecting ')' in /Applications/MAMP/htdocs/wordpress/wp-content/themes/HonestRoot/header.php on line 20
[11-Oct-2017 16:51:07 UTC] PHP Parse error:  syntax error, unexpected ''menu'' (T_CONSTANT_ENCAPSED_STRING), expecting ')' in /Applications/MAMP/htdocs/wordpress/wp-content/themes/HonestRoot/header.php on line 20
[11-Oct-2017 17:25:05 UTC] PHP Parse error:  syntax error, unexpected ''menu'' (T_CONSTANT_ENCAPSED_STRING), expecting ')' in /Applications/MAMP/htdocs/wordpress/wp-content/themes/HonestRoot/header.php on line 20
[13-Oct-2017 09:10:07 UTC] WP_Community_Events::maybe_log_events_response: Valid response received. Details: {"api_url":"https:\/\/api.wordpress.org\/events\/1.0\/","request_args":{"body":{"number":5,"ip":"::","locale":"fr_FR","timezone":"Europe\/Paris"}},"response_code":200,"response_body":{"location":{"ip":"91.90.102.214"},"events":"2 events trimmed."}}
[14-Oct-2017 13:48:22 UTC] WP_Community_Events::maybe_log_events_response: Valid response received. Details: {"api_url":"https:\/\/api.wordpress.org\/events\/1.0\/","request_args":{"body":{"number":5,"ip":"::","locale":"fr_FR","timezone":"Europe\/Paris"}},"response_code":200,"response_body":{"location":{"ip":"88.186.192.167"},"events":"0 events trimmed."}}
[14-Oct-2017 13:57:14 UTC] PHP Warning:  Une erreur imprévue est survenue. Il pourrait y avoir un problème avec WordPress.org ou la configuration de ce serveur. Si vous continuez à rencontrer ce problème, veuillez vous rendre sur les <a href="https://wpfr.net/support/">forums de support</a>. (WordPress n’a pas pu établir de connexion sécurisée vers WordPress.org. Veuillez contacter l’administrateur de votre serveur.) in /Applications/MAMP/htdocs/honestroot/wp-includes/update.php on line 323
[14-Oct-2017 13:57:17 UTC] PHP Warning:  Cannot modify header information - headers already sent by (output started at /Applications/MAMP/htdocs/honestroot/wp-includes/update.php:323) in /Applications/MAMP/htdocs/honestroot/wp-includes/pluggable.php on line 1210
[14-Oct-2017 13:57:17 UTC] PHP Warning:  Cannot modify header information - headers already sent by (output started at /Applications/MAMP/htdocs/honestroot/wp-includes/update.php:323) in /Applications/MAMP/htdocs/honestroot/wp-includes/pluggable.php on line 1210
[14-Oct-2017 14:12:11 UTC] PHP Notice:  Use of undefined constant IMAGES_URL - assumed 'IMAGES_URL' in /Applications/MAMP/htdocs/honestroot/wp-content/themes/HonestRoot/header.php on line 20
[14-Oct-2017 14:12:12 UTC] PHP Notice:  Use of undefined constant IMAGES_URL - assumed 'IMAGES_URL' in /Applications/MAMP/htdocs/honestroot/wp-content/themes/HonestRoot/header.php on line 20
[14-Oct-2017 14:12:53 UTC] PHP Notice:  Use of undefined constant IMAGES_URL - assumed 'IMAGES_URL' in /Applications/MAMP/htdocs/honestroot/wp-content/themes/HonestRoot/header.php on line 20
[14-Oct-2017 14:12:53 UTC] PHP Notice:  Use of undefined constant IMAGES_URL - assumed 'IMAGES_URL' in /Applications/MAMP/htdocs/honestroot/wp-content/themes/HonestRoot/header.php on line 20
[14-Oct-2017 14:47:03 UTC] PHP Parse error:  syntax error, unexpected ''menu'' (T_CONSTANT_ENCAPSED_STRING), expecting ')' in /Applications/MAMP/htdocs/honestroot/wp-content/themes/HonestRoot/header.php on line 23
[17-Oct-2017 14:31:32 UTC] WP_Community_Events::maybe_log_events_response: Valid response received. Details: {"api_url":"https:\/\/api.wordpress.org\/events\/1.0\/","request_args":{"body":{"number":5,"ip":"::","locale":"fr_FR","timezone":"Europe\/Paris"}},"response_code":200,"response_body":{"location":{"ip":"91.90.102.214"},"events":"1 events trimmed."}}
[18-Oct-2017 07:01:18 UTC] PHP Warning:  Une erreur imprévue est survenue. Il pourrait y avoir un problème avec WordPress.org ou la configuration de ce serveur. Si vous continuez à rencontrer ce problème, veuillez vous rendre sur les <a href="https://wpfr.net/support/">forums de support</a>. (WordPress n’a pas pu établir de connexion sécurisée vers WordPress.org. Veuillez contacter l’administrateur de votre serveur.) in /Applications/MAMP/htdocs/honestroot/wp-includes/update.php on line 131
[18-Oct-2017 07:01:18 UTC] PHP Warning:  Une erreur imprévue est survenue. Il pourrait y avoir un problème avec WordPress.org ou la configuration de ce serveur. Si vous continuez à rencontrer ce problème, veuillez vous rendre sur les <a href="https://wpfr.net/support/">forums de support</a>. (WordPress n’a pas pu établir de connexion sécurisée vers WordPress.org. Veuillez contacter l’administrateur de votre serveur.) in /Applications/MAMP/htdocs/honestroot/wp-includes/update.php on line 323
[18-Oct-2017 07:01:18 UTC] PHP Warning:  Une erreur imprévue est survenue. Il pourrait y avoir un problème avec WordPress.org ou la configuration de ce serveur. Si vous continuez à rencontrer ce problème, veuillez vous rendre sur les <a href="https://wpfr.net/support/">forums de support</a>. (WordPress n’a pas pu établir de connexion sécurisée vers WordPress.org. Veuillez contacter l’administrateur de votre serveur.) in /Applications/MAMP/htdocs/honestroot/wp-includes/update.php on line 501
[18-Oct-2017 11:59:36 UTC] WP_Community_Events::maybe_log_events_response: Valid response received. Details: {"api_url":"https:\/\/api.wordpress.org\/events\/1.0\/","request_args":{"body":{"number":5,"ip":"::","locale":"fr_FR","timezone":"Europe\/Paris"}},"response_code":200,"response_body":{"location":{"ip":"91.90.102.214"},"events":"1 events trimmed."}}
[18-Oct-2017 13:00:09 UTC] PHP Warning:  Une erreur imprévue est survenue. Il pourrait y avoir un problème avec WordPress.org ou la configuration de ce serveur. Si vous continuez à rencontrer ce problème, veuillez vous rendre sur les <a href="https://wpfr.net/support/">forums de support</a>. (WordPress n’a pas pu établir de connexion sécurisée vers WordPress.org. Veuillez contacter l’administrateur de votre serveur.) in /Applications/MAMP/htdocs/honestroot/wp-admin/includes/translation-install.php on line 65
[18-Oct-2017 13:00:09 UTC] PHP Warning:  Une erreur imprévue est survenue. Il pourrait y avoir un problème avec WordPress.org ou la configuration de ce serveur. Si vous continuez à rencontrer ce problème, veuillez vous rendre sur les <a href="https://wpfr.net/support/">forums de support</a>. (WordPress n’a pas pu établir de connexion sécurisée vers WordPress.org. Veuillez contacter l’administrateur de votre serveur.) in /Applications/MAMP/htdocs/honestroot/wp-admin/includes/translation-install.php on line 65
[18-Oct-2017 13:02:54 UTC] PHP Parse error:  syntax error, unexpected '}', expecting ',' or ';' in /Applications/MAMP/htdocs/honestroot/wp-content/themes/HonestRoot/home.php on line 43
[18-Oct-2017 14:06:24 UTC] PHP Parse error:  syntax error, unexpected end of file in /Applications/MAMP/htdocs/honestroot/wp-content/themes/HonestRoot/home.php on line 50
[18-Oct-2017 14:06:26 UTC] PHP Parse error:  syntax error, unexpected end of file in /Applications/MAMP/htdocs/honestroot/wp-content/themes/HonestRoot/home.php on line 50
[18-Oct-2017 20:58:33 UTC] PHP Warning:  Une erreur imprévue est survenue. Il pourrait y avoir un problème avec WordPress.org ou la configuration de ce serveur. Si vous continuez à rencontrer ce problème, veuillez vous rendre sur les <a href="https://wpfr.net/support/">forums de support</a>. (WordPress n’a pas pu établir de connexion sécurisée vers WordPress.org. Veuillez contacter l’administrateur de votre serveur.) in /Applications/MAMP/htdocs/honestroot/wp-includes/update.php on line 501
[18-Oct-2017 21:18:55 UTC] PHP Warning:  Une erreur imprévue est survenue. Il pourrait y avoir un problème avec WordPress.org ou la configuration de ce serveur. Si vous continuez à rencontrer ce problème, veuillez vous rendre sur les <a href="https://wpfr.net/support/">forums de support</a>. (WordPress n’a pas pu établir de connexion sécurisée vers WordPress.org. Veuillez contacter l’administrateur de votre serveur.) in /Applications/MAMP/htdocs/honestroot/wp-includes/update.php on line 323
[18-Oct-2017 21:19:15 UTC] PHP Warning:  Une erreur imprévue est survenue. Il pourrait y avoir un problème avec WordPress.org ou la configuration de ce serveur. Si vous continuez à rencontrer ce problème, veuillez vous rendre sur les <a href="https://wpfr.net/support/">forums de support</a>. (WordPress n’a pas pu établir de connexion sécurisée vers WordPress.org. Veuillez contacter l’administrateur de votre serveur.) in /Applications/MAMP/htdocs/honestroot/wp-admin/includes/plugin-install.php on line 164
[18-Oct-2017 21:23:50 UTC] PHP Warning:  Une erreur imprévue est survenue. Il pourrait y avoir un problème avec WordPress.org ou la configuration de ce serveur. Si vous continuez à rencontrer ce problème, veuillez vous rendre sur les <a href="https://wpfr.net/support/">forums de support</a>. (WordPress n’a pas pu établir de connexion sécurisée vers WordPress.org. Veuillez contacter l’administrateur de votre serveur.) in /Applications/MAMP/htdocs/honestroot/wp-admin/includes/plugin-install.php on line 164
[18-Oct-2017 21:30:00 UTC] PHP Warning:  Une erreur imprévue est survenue. Il pourrait y avoir un problème avec WordPress.org ou la configuration de ce serveur. Si vous continuez à rencontrer ce problème, veuillez vous rendre sur les <a href="https://wpfr.net/support/">forums de support</a>. (WordPress n’a pas pu établir de connexion sécurisée vers WordPress.org. Veuillez contacter l’administrateur de votre serveur.) in /Applications/MAMP/htdocs/honestroot/wp-admin/includes/plugin-install.php on line 164
[18-Oct-2017 21:30:46 UTC] PHP Warning:  Une erreur imprévue est survenue. Il pourrait y avoir un problème avec WordPress.org ou la configuration de ce serveur. Si vous continuez à rencontrer ce problème, veuillez vous rendre sur les <a href="https://wpfr.net/support/">forums de support</a>. (WordPress n’a pas pu établir de connexion sécurisée vers WordPress.org. Veuillez contacter l’administrateur de votre serveur.) in /Applications/MAMP/htdocs/honestroot/wp-admin/includes/plugin-install.php on line 164
[18-Oct-2017 21:30:47 UTC] PHP Warning:  Une erreur imprévue est survenue. Il pourrait y avoir un problème avec WordPress.org ou la configuration de ce serveur. Si vous continuez à rencontrer ce problème, veuillez vous rendre sur les <a href="https://wpfr.net/support/">forums de support</a>. (WordPress n’a pas pu établir de connexion sécurisée vers WordPress.org. Veuillez contacter l’administrateur de votre serveur.) in /Applications/MAMP/htdocs/honestroot/wp-admin/includes/plugin-install.php on line 164
[19-Oct-2017 07:05:40 UTC] WP_Community_Events::maybe_log_events_response: Valid response received. Details: {"api_url":"https:\/\/api.wordpress.org\/events\/1.0\/","request_args":{"body":{"number":5,"ip":"::","locale":"fr_FR","timezone":"Europe\/Paris"}},"response_code":200,"response_body":{"location":{"ip":"91.90.102.214"},"events":"1 events trimmed."}}
[19-Oct-2017 07:05:44 UTC] PHP Warning:  Une erreur imprévue est survenue. Il pourrait y avoir un problème avec WordPress.org ou la configuration de ce serveur. Si vous continuez à rencontrer ce problème, veuillez vous rendre sur les <a href="https://wpfr.net/support/">forums de support</a>. (WordPress n’a pas pu établir de connexion sécurisée vers WordPress.org. Veuillez contacter l’administrateur de votre serveur.) in /Applications/MAMP/htdocs/honestroot/wp-includes/update.php on line 323
[19-Oct-2017 08:01:36 UTC] PHP Notice:  Undefined variable: menu in /Applications/MAMP/htdocs/honestroot/wp-content/themes/HonestRoot/header.php on line 30
[19-Oct-2017 08:01:51 UTC] PHP Notice:  Undefined variable: menu in /Applications/MAMP/htdocs/honestroot/wp-content/themes/HonestRoot/header.php on line 19
[19-Oct-2017 08:01:53 UTC] PHP Notice:  Undefined variable: menu in /Applications/MAMP/htdocs/honestroot/wp-content/themes/HonestRoot/header.php on line 19
[19-Oct-2017 08:14:25 UTC] PHP Notice:  Undefined variable: menu in /Applications/MAMP/htdocs/honestroot/wp-content/themes/HonestRoot/header.php on line 19
[19-Oct-2017 08:14:48 UTC] PHP Notice:  Undefined variable: menu in /Applications/MAMP/htdocs/honestroot/wp-content/themes/HonestRoot/header.php on line 19
[19-Oct-2017 08:15:08 UTC] PHP Notice:  Undefined variable: menu in /Applications/MAMP/htdocs/honestroot/wp-content/themes/HonestRoot/header.php on line 19
[19-Oct-2017 08:15:34 UTC] PHP Notice:  Undefined variable: menu in /Applications/MAMP/htdocs/honestroot/wp-content/themes/HonestRoot/header.php on line 19
[19-Oct-2017 08:15:35 UTC] PHP Notice:  Undefined variable: menu in /Applications/MAMP/htdocs/honestroot/wp-content/themes/HonestRoot/header.php on line 19
[19-Oct-2017 08:16:30 UTC] PHP Notice:  Undefined variable: menu in /Applications/MAMP/htdocs/honestroot/wp-content/themes/HonestRoot/header.php on line 18
[19-Oct-2017 08:16:33 UTC] PHP Notice:  Undefined variable: menu in /Applications/MAMP/htdocs/honestroot/wp-content/themes/HonestRoot/header.php on line 18
[19-Oct-2017 12:05:11 UTC] PHP Parse error:  syntax error, unexpected '<', expecting end of file in /Applications/MAMP/htdocs/honestroot/wp-content/themes/HonestRoot/page-home.php on line 5
